!SESSION 2020-01-09 11:54:50.618 -----------------------------------------------
eclipse.buildId=unknown
java.version=11.0.2
java.vendor=Oracle Corporation
BootLoader constants: OS=linux, ARCH=x86_64, WS=gtk, NL=en_IN
Command-line arguments:  -console

!ENTRY org.eclipse.equinox.http.jetty 4 0 2020-01-09 11:54:51.153
!MESSAGE FrameworkEvent ERROR
!STACK 0
org.osgi.framework.BundleException: Could not resolve module: org.eclipse.equinox.http.jetty [14]
  Unresolved requirement: Import-Package: javax.servlet; version="[2.6.0,4.0.0)"
    -> Export-Package: javax.servlet; bundle-symbolic-name="javax.servlet"; bundle-version="3.1.0.v201410161800"; version="3.1.0"; uses:="javax.servlet.descriptor,javax.servlet.annotation"
       javax.servlet [1]
         Unresolved requirement: Require-Capability: osgi.ee; filter:="(&(osgi.ee=JavaSE)(version=1.7))"

	at org.eclipse.osgi.container.Module.start(Module.java:434)
	at org.eclipse.osgi.container.ModuleContainer$ContainerStartLevel.incStartLevel(ModuleContainer.java:1582)
	at org.eclipse.osgi.container.ModuleContainer$ContainerStartLevel.incStartLevel(ModuleContainer.java:1562)
	at org.eclipse.osgi.container.ModuleContainer$ContainerStartLevel.doContainerStartLevel(ModuleContainer.java:1533)
	at org.eclipse.osgi.container.SystemModule.startWorker(SystemModule.java:242)
	at org.eclipse.osgi.container.Module.doStart(Module.java:571)
	at org.eclipse.osgi.container.Module.start(Module.java:439)
	at org.eclipse.osgi.container.SystemModule.start(SystemModule.java:172)
	at org.eclipse.osgi.internal.framework.EquinoxBundle.start(EquinoxBundle.java:393)
	at org.eclipse.osgi.internal.framework.EquinoxBundle.start(EquinoxBundle.java:412)
	at org.eclipse.osgi.launch.Equinox.start(Equinox.java:115)
	at org.eclipse.core.runtime.adaptor.EclipseStarter.startup(EclipseStarter.java:318)
	at org.eclipse.core.runtime.adaptor.EclipseStarter.run(EclipseStarter.java:231)
	at java.base/jdk.internal.reflect.NativeMethodAccessorImpl.invoke0(Native Method)
	at java.base/jdk.internal.reflect.NativeMethodAccessorImpl.invoke(NativeMethodAccessorImpl.java:62)
	at java.base/jdk.internal.reflect.DelegatingMethodAccessorImpl.invoke(DelegatingMethodAccessorImpl.java:43)
	at java.base/java.lang.reflect.Method.invoke(Method.java:566)
	at org.eclipse.equinox.launcher.Main.invokeFramework(Main.java:648)
	at org.eclipse.equinox.launcher.Main.basicRun(Main.java:603)
	at org.eclipse.equinox.launcher.Main.run(Main.java:1465)
	at org.eclipse.equinox.launcher.Main.main(Main.java:1438)

!ENTRY org.eclipse.om2m.datamapping.jaxb 4 0 2020-01-09 11:54:51.155
!MESSAGE FrameworkEvent ERROR
!STACK 0
org.osgi.framework.BundleException: Could not resolve module: org.eclipse.om2m.datamapping.jaxb [35]
  Unresolved requirement: Import-Package: org.eclipse.om2m.commons.constants
    -> Export-Package: org.eclipse.om2m.commons.constants; bundle-symbolic-name="org.eclipse.om2m.commons"; bundle-version="1.1.0.20180313-1100"; version="0.0.0"
       org.eclipse.om2m.commons [28]
         Unresolved requirement: Require-Capability: osgi.ee; filter:="(&(osgi.ee=JavaSE)(version=1.7))"

	at org.eclipse.osgi.container.Module.start(Module.java:434)
	at org.eclipse.osgi.container.ModuleContainer$ContainerStartLevel.incStartLevel(ModuleContainer.java:1582)
	at org.eclipse.osgi.container.ModuleContainer$ContainerStartLevel.incStartLevel(ModuleContainer.java:1562)
	at org.eclipse.osgi.container.ModuleContainer$ContainerStartLevel.doContainerStartLevel(ModuleContainer.java:1533)
	at org.eclipse.osgi.container.SystemModule.startWorker(SystemModule.java:242)
	at org.eclipse.osgi.container.Module.doStart(Module.java:571)
	at org.eclipse.osgi.container.Module.start(Module.java:439)
	at org.eclipse.osgi.container.SystemModule.start(SystemModule.java:172)
	at org.eclipse.osgi.internal.framework.EquinoxBundle.start(EquinoxBundle.java:393)
	at org.eclipse.osgi.internal.framework.EquinoxBundle.start(EquinoxBundle.java:412)
	at org.eclipse.osgi.launch.Equinox.start(Equinox.java:115)
	at org.eclipse.core.runtime.adaptor.EclipseStarter.startup(EclipseStarter.java:318)
	at org.eclipse.core.runtime.adaptor.EclipseStarter.run(EclipseStarter.java:231)
	at java.base/jdk.internal.reflect.NativeMethodAccessorImpl.invoke0(Native Method)
	at java.base/jdk.internal.reflect.NativeMethodAccessorImpl.invoke(NativeMethodAccessorImpl.java:62)
	at java.base/jdk.internal.reflect.DelegatingMethodAccessorImpl.invoke(DelegatingMethodAccessorImpl.java:43)
	at java.base/java.lang.reflect.Method.invoke(Method.java:566)
	at org.eclipse.equinox.launcher.Main.invokeFramework(Main.java:648)
	at org.eclipse.equinox.launcher.Main.basicRun(Main.java:603)
	at org.eclipse.equinox.launcher.Main.run(Main.java:1465)
	at org.eclipse.equinox.launcher.Main.main(Main.java:1438)

!ENTRY org.eclipse.om2m.binding.coap 4 0 2020-01-09 11:54:51.157
!MESSAGE FrameworkEvent ERROR
!STACK 0
org.osgi.framework.BundleException: Could not resolve module: org.eclipse.om2m.binding.coap [25]
  Unresolved requirement: Import-Package: org.eclipse.om2m.binding.service
    -> Export-Package: org.eclipse.om2m.binding.service; bundle-symbolic-name="org.eclipse.om2m.binding.service"; bundle-version="1.1.0.20180313-1100"; version="0.0.0"
       org.eclipse.om2m.binding.service [27]
         Unresolved requirement: Require-Bundle: org.eclipse.om2m.commons
           -> Bundle-SymbolicName: org.eclipse.om2m.commons; bundle-version="1.1.0.20180313-1100"
              org.eclipse.om2m.commons [28]
                Unresolved requirement: Require-Capability: osgi.ee; filter:="(&(osgi.ee=JavaSE)(version=1.7))"

	at org.eclipse.osgi.container.Module.start(Module.java:434)
	at org.eclipse.osgi.container.ModuleContainer$ContainerStartLevel.incStartLevel(ModuleContainer.java:1582)
	at org.eclipse.osgi.container.ModuleContainer$ContainerStartLevel.incStartLevel(ModuleContainer.java:1562)
	at org.eclipse.osgi.container.ModuleContainer$ContainerStartLevel.doContainerStartLevel(ModuleContainer.java:1533)
	at org.eclipse.osgi.container.ModuleContainer$ContainerStartLevel.dispatchEvent(ModuleContainer.java:1476)
	at org.eclipse.osgi.container.ModuleContainer$ContainerStartLevel.dispatchEvent(ModuleContainer.java:1)
	at org.eclipse.osgi.framework.eventmgr.EventManager.dispatchEvent(EventManager.java:230)
	at org.eclipse.osgi.framework.eventmgr.EventManager$EventThread.run(EventManager.java:340)

!ENTRY org.eclipse.om2m.binding.http 4 0 2020-01-09 11:54:51.158
!MESSAGE FrameworkEvent ERROR
!STACK 0
org.osgi.framework.BundleException: Could not resolve module: org.eclipse.om2m.binding.http [26]
  Unresolved requirement: Import-Package: javax.servlet
    -> Export-Package: javax.servlet; bundle-symbolic-name="javax.servlet"; bundle-version="3.1.0.v201410161800"; version="3.1.0"; uses:="javax.servlet.descriptor,javax.servlet.annotation"
       javax.servlet [1]
         Unresolved requirement: Require-Capability: osgi.ee; filter:="(&(osgi.ee=JavaSE)(version=1.7))"

	at org.eclipse.osgi.container.Module.start(Module.java:434)
	at org.eclipse.osgi.container.ModuleContainer$ContainerStartLevel.incStartLevel(ModuleContainer.java:1582)
	at org.eclipse.osgi.container.ModuleContainer$ContainerStartLevel.incStartLevel(ModuleContainer.java:1562)
	at org.eclipse.osgi.container.ModuleContainer$ContainerStartLevel.doContainerStartLevel(ModuleContainer.java:1533)
	at org.eclipse.osgi.container.ModuleContainer$ContainerStartLevel.dispatchEvent(ModuleContainer.java:1476)
	at org.eclipse.osgi.container.ModuleContainer$ContainerStartLevel.dispatchEvent(ModuleContainer.java:1)
	at org.eclipse.osgi.framework.eventmgr.EventManager.dispatchEvent(EventManager.java:230)
	at org.eclipse.osgi.framework.eventmgr.EventManager$EventThread.run(EventManager.java:340)

!ENTRY org.eclipse.om2m.persistence.eclipselink 4 0 2020-01-09 11:54:51.159
!MESSAGE FrameworkEvent ERROR
!STACK 0
org.osgi.framework.BundleException: Could not resolve module: org.eclipse.om2m.persistence.eclipselink [42]
  Unresolved requirement: Import-Package: javax.persistence
    -> Export-Package: javax.persistence; bundle-symbolic-name="org.eclipse.om2m.commons"; bundle-version="1.1.0.20180313-1100"; version="0.0.0"
       org.eclipse.om2m.commons [28]
         Unresolved requirement: Require-Capability: osgi.ee; filter:="(&(osgi.ee=JavaSE)(version=1.7))"

	at org.eclipse.osgi.container.Module.start(Module.java:434)
	at org.eclipse.osgi.container.ModuleContainer$ContainerStartLevel.incStartLevel(ModuleContainer.java:1582)
	at org.eclipse.osgi.container.ModuleContainer$ContainerStartLevel.incStartLevel(ModuleContainer.java:1562)
	at org.eclipse.osgi.container.ModuleContainer$ContainerStartLevel.doContainerStartLevel(ModuleContainer.java:1533)
	at org.eclipse.osgi.container.ModuleContainer$ContainerStartLevel.dispatchEvent(ModuleContainer.java:1476)
	at org.eclipse.osgi.container.ModuleContainer$ContainerStartLevel.dispatchEvent(ModuleContainer.java:1)
	at org.eclipse.osgi.framework.eventmgr.EventManager.dispatchEvent(EventManager.java:230)
	at org.eclipse.osgi.framework.eventmgr.EventManager$EventThread.run(EventManager.java:340)

!ENTRY org.eclipse.om2m.core 4 0 2020-01-09 11:54:51.159
!MESSAGE FrameworkEvent ERROR
!STACK 0
org.osgi.framework.BundleException: Could not resolve module: org.eclipse.om2m.core [30]
  Unresolved requirement: Import-Package: javax.persistence
    -> Export-Package: javax.persistence; bundle-symbolic-name="org.eclipse.om2m.commons"; bundle-version="1.1.0.20180313-1100"; version="0.0.0"
       org.eclipse.om2m.commons [28]
         Unresolved requirement: Require-Capability: osgi.ee; filter:="(&(osgi.ee=JavaSE)(version=1.7))"

	at org.eclipse.osgi.container.Module.start(Module.java:434)
	at org.eclipse.osgi.container.ModuleContainer$ContainerStartLevel.incStartLevel(ModuleContainer.java:1582)
	at org.eclipse.osgi.container.ModuleContainer$ContainerStartLevel.incStartLevel(ModuleContainer.java:1562)
	at org.eclipse.osgi.container.ModuleContainer$ContainerStartLevel.doContainerStartLevel(ModuleContainer.java:1533)
	at org.eclipse.osgi.container.ModuleContainer$ContainerStartLevel.dispatchEvent(ModuleContainer.java:1476)
	at org.eclipse.osgi.container.ModuleContainer$ContainerStartLevel.dispatchEvent(ModuleContainer.java:1)
	at org.eclipse.osgi.framework.eventmgr.EventManager.dispatchEvent(EventManager.java:230)
	at org.eclipse.osgi.framework.eventmgr.EventManager$EventThread.run(EventManager.java:340)

!ENTRY org.eclipse.equinox.http.servlet 4 0 2020-01-09 11:54:51.160
!MESSAGE FrameworkEvent ERROR
!STACK 0
org.osgi.framework.BundleException: Could not resolve module: org.eclipse.equinox.http.servlet [15]
  Unresolved requirement: Import-Package: javax.servlet; version="[2.3.0,4.0.0)"
    -> Export-Package: javax.servlet; bundle-symbolic-name="javax.servlet"; bundle-version="3.1.0.v201410161800"; version="3.1.0"; uses:="javax.servlet.descriptor,javax.servlet.annotation"
       javax.servlet [1]
         Unresolved requirement: Require-Capability: osgi.ee; filter:="(&(osgi.ee=JavaSE)(version=1.7))"

	at org.eclipse.osgi.container.Module.start(Module.java:434)
	at org.eclipse.osgi.container.ModuleContainer$ContainerStartLevel.incStartLevel(ModuleContainer.java:1582)
	at org.eclipse.osgi.container.ModuleContainer$ContainerStartLevel.incStartLevel(ModuleContainer.java:1561)
	at org.eclipse.osgi.container.ModuleContainer$ContainerStartLevel.doContainerStartLevel(ModuleContainer.java:1533)
	at org.eclipse.osgi.container.ModuleContainer$ContainerStartLevel.dispatchEvent(ModuleContainer.java:1476)
	at org.eclipse.osgi.container.ModuleContainer$ContainerStartLevel.dispatchEvent(ModuleContainer.java:1)
	at org.eclipse.osgi.framework.eventmgr.EventManager.dispatchEvent(EventManager.java:230)
	at org.eclipse.osgi.framework.eventmgr.EventManager$EventThread.run(EventManager.java:340)

!ENTRY org.eclipse.om2m.webapp.resourcesbrowser.json 4 0 2020-01-09 11:54:51.242
!MESSAGE FrameworkEvent ERROR
!STACK 0
org.osgi.framework.BundleException: Could not resolve module: org.eclipse.om2m.webapp.resourcesbrowser.json [52]
  Unresolved requirement: Import-Package: javax.servlet
    -> Export-Package: javax.servlet; bundle-symbolic-name="javax.servlet"; bundle-version="3.1.0.v201410161800"; version="3.1.0"; uses:="javax.servlet.descriptor,javax.servlet.annotation"
       javax.servlet [1]
         Unresolved requirement: Require-Capability: osgi.ee; filter:="(&(osgi.ee=JavaSE)(version=1.7))"

	at org.eclipse.osgi.container.Module.start(Module.java:434)
	at org.eclipse.osgi.container.ModuleContainer$ContainerStartLevel.incStartLevel(ModuleContainer.java:1582)
	at org.eclipse.osgi.container.ModuleContainer$ContainerStartLevel.incStartLevel(ModuleContainer.java:1562)
	at org.eclipse.osgi.container.ModuleContainer$ContainerStartLevel.doContainerStartLevel(ModuleContainer.java:1533)
	at org.eclipse.osgi.container.ModuleContainer$ContainerStartLevel.dispatchEvent(ModuleContainer.java:1476)
	at org.eclipse.osgi.container.ModuleContainer$ContainerStartLevel.dispatchEvent(ModuleContainer.java:1)
	at org.eclipse.osgi.framework.eventmgr.EventManager.dispatchEvent(EventManager.java:230)
	at org.eclipse.osgi.framework.eventmgr.EventManager$EventThread.run(EventManager.java:340)

!ENTRY org.eclipse.osgi 4 0 2020-01-09 11:54:51.243
!MESSAGE Bundle initial@reference:file:plugins/org.eclipse.equinox.http.jetty_3.0.200.v20131021-1843.jar was not resolved.

!ENTRY org.eclipse.osgi 4 0 2020-01-09 11:54:51.243
!MESSAGE Bundle initial@reference:file:plugins/org.eclipse.om2m.binding.coap_1.1.0.20180313-1100.jar was not resolved.

!ENTRY org.eclipse.osgi 4 0 2020-01-09 11:54:51.243
!MESSAGE Bundle initial@reference:file:plugins/org.eclipse.om2m.binding.http_1.1.0.20180313-1100.jar was not resolved.

!ENTRY org.eclipse.osgi 4 0 2020-01-09 11:54:51.243
!MESSAGE Bundle initial@reference:file:plugins/org.eclipse.om2m.core_1.1.0.20180313-1100.jar was not resolved.

!ENTRY org.eclipse.osgi 4 0 2020-01-09 11:54:51.243
!MESSAGE Bundle initial@reference:file:plugins/org.eclipse.om2m.datamapping.jaxb_1.1.0.20180313-1100.jar was not resolved.

!ENTRY org.eclipse.osgi 4 0 2020-01-09 11:54:51.243
!MESSAGE Bundle initial@reference:file:plugins/org.eclipse.om2m.persistence.eclipselink_1.1.0.20180313-1100.jar was not resolved.

!ENTRY org.eclipse.osgi 4 0 2020-01-09 11:54:51.243
!MESSAGE Bundle initial@reference:file:plugins/org.eclipse.om2m.webapp.resourcesbrowser.json_1.1.0.20180313-1100.jar was not resolved.
